<?xml version="1.0" encoding="UTF-8"?>
<!-- Generated by org.testng.reporters.JUnitXMLReporter -->
<testsuite ignored="0" hostname="LP-214844616" failures="0" tests="4" name="Default test" time="0.071" errors="0" timestamp="2023-07-06T16:48:33 IST">
  <testcase classname="org.hcl.tests.TestNGIU" name="A2" time="0.011"/>
  <testcase classname="org.hcl.tests.TestNGIU" name="M4" time="0.003"/>
  <testcase classname="org.hcl.tests.TestNGIU" name="M3" time="0.002"/>
  <testcase classname="org.hcl.tests.TestNGIU" name="M1" time="0.001"/>
</testsuite> <!-- Default test -->
