<?xml version="1.0" encoding="UTF-8"?>
<!-- Generated by org.testng.reporters.JUnitXMLReporter -->
<testsuite ignored="0" hostname="LP-214844616" failures="0" tests="3" name="Test" time="33.24" errors="0" timestamp="2023-07-13T19:49:44 IST">
  <testcase classname="org.hcl.tests.AmazonAndOtherMiscTest" name="validateText" time="5.089"/>
  <testcase classname="org.hcl.tests.AmazonAndOtherMiscTest" name="selectAnyOptionFromList" time="10.509"/>
  <testcase classname="org.hcl.tests.AmazonAndOtherMiscTest" name="multipleWindowCloseByClose" time="14.998"/>
</testsuite> <!-- Test -->
