<?xml version="1.0" encoding="UTF-8"?>
<!-- Generated by org.testng.reporters.JUnitXMLReporter -->
<testsuite ignored="0" hostname="LP-214844616" failures="1" tests="1" name="Command line test" time="23.226" errors="0" timestamp="2023-07-05T21:32:01 IST">
  <testcase classname="org.hcl.tests.YatraTest" name="testYatra" time="23.183">
    <failure type="java.lang.AssertionError" message="expected [Yatra.com | Pune to Delhi flights] but found [Yatra.com | Qachas Nek to Delhi flights]">
      <![CDATA[java.lang.AssertionError: expected [Yatra.com | Pune to Delhi flights] but found [Yatra.com | Qachas Nek to Delhi flights]
at org.hcl.tests.YatraTest.testYatra(YatraTest.java:53)
at java.base/java.util.ArrayList.forEach(ArrayList.java:1511)
... Removed 42 stack frames]]>
    </failure>
  </testcase> <!-- testYatra -->
</testsuite> <!-- Command line test -->
