<?xml version="1.0" encoding="UTF-8" ?>
<testsuite tests="1" failures="1" name="org.hcl.tests.YatraTest" time="23.193" errors="0" skipped="0">
  <properties>
[...]
</properties>
  <testcase classname="org.hcl.tests.YatraTest" name="testYatra" time="23.193">
    <failure message="expected [Yatra.com | Pune to Delhi flights] but found [Yatra.com | Qachas Nek to Delhi flights]" type="java.lang.AssertionError">java.lang.AssertionError: expected [Yatra.com | Pune to Delhi flights] but found [Yatra.com | Qachas Nek to Delhi flights]
	at org.testng.Assert.fail(Assert.java:111)
	at org.testng.Assert.failNotEquals(Assert.java:1578)
	at org.testng.Assert.assertEqualsImpl(Assert.java:150)
	at org.testng.Assert.assertEquals(Assert.java:132)
	at org.testng.Assert.assertEquals(Assert.java:656)
	at org.testng.Assert.assertEquals(Assert.java:666)
	at org.hcl.tests.YatraTest.testYatra(YatraTest.java:53)
</failure>
    <system-out>Configuring TestNG with: org.apache.maven.surefire.testng.conf.TestNG652Configurator@2d6e8792
</system-out>
    <system-err>SLF4J: Failed to load class &quot;org.slf4j.impl.StaticLoggerBinder&quot;.
SLF4J: Defaulting to no-operation (NOP) logger implementation
SLF4J: See http://www.slf4j.org/codes.html#StaticLoggerBinder for further details.
Jul 05, 2023 9:31:38 PM org.openqa.selenium.remote.service.DriverService$Builder getLogOutput
INFO: Driver logs no longer sent to console by default; https://www.selenium.dev/documentation/webdriver/drivers/service/#setting-log-output
</system-err>
  </testcase>
</testsuite>