<?xml version="1.0" encoding="UTF-8"?>
<testng-results ignored="0" total="2" passed="2" failed="0" skipped="0">
  <reporter-output>
  </reporter-output>
  <suite started-at="2023-07-11T12:22:51 IST" name="Suite" finished-at="2023-07-11T12:23:15 IST" duration-ms="23895">
    <groups>
    </groups>
    <test started-at="2023-07-11T12:22:51 IST" name="TestChrome" finished-at="2023-07-11T12:23:03 IST" duration-ms="12167">
      <class name="org.hcl.tests.SSLTest">
        <test-method is-config="true" signature="setup(java.lang.String)[pri:0, instance:org.hcl.tests.SSLTest@41fbdac4]" started-at="2023-07-11T12:22:51 IST" name="setup" finished-at="2023-07-11T12:23:01 IST" duration-ms="9864" status="PASS">
          <params>
            <param index="0">
              <value>
                <![CDATA[chrome]]>
              </value>
            </param>
          </params>
          <reporter-output>
          </reporter-output>
        </test-method> <!-- setup -->
        <test-method signature="verifySSL(java.lang.String)[pri:0, instance:org.hcl.tests.SSLTest@41fbdac4]" started-at="2023-07-11T12:23:01 IST" name="verifySSL" finished-at="2023-07-11T12:23:03 IST" duration-ms="1801" status="PASS">
          <params>
            <param index="0">
              <value>
                <![CDATA[Your connection is not private]]>
              </value>
            </param>
          </params>
          <reporter-output>
          </reporter-output>
        </test-method> <!-- verifySSL -->
        <test-method is-config="true" signature="tearDown()[pri:0, instance:org.hcl.tests.SSLTest@41fbdac4]" started-at="2023-07-11T12:23:03 IST" name="tearDown" finished-at="2023-07-11T12:23:03 IST" duration-ms="471" status="PASS">
          <reporter-output>
          </reporter-output>
        </test-method> <!-- tearDown -->
      </class> <!-- org.hcl.tests.SSLTest -->
    </test> <!-- TestChrome -->
    <test started-at="2023-07-11T12:23:03 IST" name="TestEdge" finished-at="2023-07-11T12:23:15 IST" duration-ms="11608">
      <class name="org.hcl.tests.SSLTest">
        <test-method is-config="true" signature="setup(java.lang.String)[pri:0, instance:org.hcl.tests.SSLTest@2d7275fc]" started-at="2023-07-11T12:23:03 IST" name="setup" finished-at="2023-07-11T12:23:13 IST" duration-ms="9432" status="PASS">
          <params>
            <param index="0">
              <value>
                <![CDATA[edge]]>
              </value>
            </param>
          </params>
          <reporter-output>
          </reporter-output>
        </test-method> <!-- setup -->
        <test-method signature="verifySSL(java.lang.String)[pri:0, instance:org.hcl.tests.SSLTest@2d7275fc]" started-at="2023-07-11T12:23:13 IST" name="verifySSL" finished-at="2023-07-11T12:23:14 IST" duration-ms="1620" status="PASS">
          <params>
            <param index="0">
              <value>
                <![CDATA[Your connection isn't private]]>
              </value>
            </param>
          </params>
          <reporter-output>
          </reporter-output>
        </test-method> <!-- verifySSL -->
        <test-method is-config="true" signature="tearDown()[pri:0, instance:org.hcl.tests.SSLTest@2d7275fc]" started-at="2023-07-11T12:23:14 IST" name="tearDown" finished-at="2023-07-11T12:23:15 IST" duration-ms="551" status="PASS">
          <reporter-output>
          </reporter-output>
        </test-method> <!-- tearDown -->
      </class> <!-- org.hcl.tests.SSLTest -->
    </test> <!-- TestEdge -->
  </suite> <!-- Suite -->
</testng-results>
